Unity Editor version:    6000.0.33f1 (433b0a79340b)
Branch:                  6000.0/staging
Build type:              Release
Batch mode:              YES
macOS version:           Version 15.3 (Build 24D60)
Darwin version:          24.3.0
Architecture:            arm64
Running under Rosetta:   NO
Available memory:        8192 MB
Using pre-set license
Pro License: YES

COMMAND LINE ARGUMENTS:
/Applications/Unity/Hub/Editor/6000.0.33f1/Unity.app/Contents/MacOS/Unity
-adb2
-batchMode
-noUpm
-name
AssetImportWorker2
-projectPath
/Users/jagdishsonigra/Documents/Scopey
-logFile
Logs/AssetImportWorker2.log
-srvPort
52896
-job-worker-count
3
-background-job-worker-count
8
-gc-helper-count
1
Successfully changed project path to: /Users/jagdishsonigra/Documents/Scopey
/Users/jagdishsonigra/Documents/Scopey
[UnityMemory] Configuration Parameters - Can be set up in boot.config
    "memorysetup-bucket-allocator-granularity=16"
    "memorysetup-bucket-allocator-bucket-count=8"
    "memorysetup-bucket-allocator-block-size=33554432"
    "memorysetup-bucket-allocator-block-count=8"
    "memorysetup-main-allocator-block-size=16777216"
    "memorysetup-thread-allocator-block-size=16777216"
    "memorysetup-gfx-main-allocator-block-size=16777216"
    "memorysetup-gfx-thread-allocator-block-size=16777216"
    "memorysetup-cache-allocator-block-size=4194304"
    "memorysetup-typetree-allocator-block-size=2097152"
    "memorysetup-profiler-bucket-allocator-granularity=16"
    "memorysetup-profiler-bucket-allocator-bucket-count=8"
    "memorysetup-profiler-bucket-allocator-block-size=33554432"
    "memorysetup-profiler-bucket-allocator-block-count=8"
    "memorysetup-profiler-allocator-block-size=16777216"
    "memorysetup-profiler-editor-allocator-block-size=1048576"
    "memorysetup-temp-allocator-size-main=16777216"
    "memorysetup-job-temp-allocator-block-size=2097152"
    "memorysetup-job-temp-allocator-block-size-background=1048576"
    "memorysetup-job-temp-allocator-reduction-small-platforms=262144"
    "memorysetup-allocator-temp-initial-block-size-main=262144"
    "memorysetup-allocator-temp-initial-block-size-worker=262144"
    "memorysetup-temp-allocator-size-background-worker=32768"
    "memorysetup-temp-allocator-size-job-worker=262144"
    "memorysetup-temp-allocator-size-preload-manager=33554432"
    "memorysetup-temp-allocator-size-nav-mesh-worker=65536"
    "memorysetup-temp-allocator-size-audio-worker=65536"
    "memorysetup-temp-allocator-size-cloud-worker=32768"
    "memorysetup-temp-allocator-size-gi-baking-worker=262144"
    "memorysetup-temp-allocator-size-gi-baking-worker=262144"
    "memorysetup-temp-allocator-size-gi-baking-worker=262144"
    "memorysetup-temp-allocator-size-gi-baking-worker=262144"
    "memorysetup-temp-allocator-size-gi-baking-worker=262144"
    "memorysetup-temp-allocator-size-gfx=262144"
Player connection [8541390912]  Target information:

Player connection [8541390912]  * "[IP] 192.168.1.12 [Port] 0 [Flags] 2 [Guid] 2788816075 [EditorId] 2788816075 [Version] 1048832 [Id] OSXEditor(0,Jagdishs-MacBook-Air.local) [Debug] 1 [PackageName] OSXEditor [ProjectName] Editor" 

Player connection [8541390912] Host joined multi-casting on [225.0.0.222:54997]...
Player connection [8541390912] Host joined alternative multi-casting on [225.0.0.222:34997]...
JobSystem: Creating JobQueue using job-worker-count value 3
[Physics::Module] Initialized fallback backend.
[Physics::Module] Id: 0xdecafbad
Library Redirect Path: Library/
[Physics::Module] Selected backend.
[Physics::Module] Name: PhysX
[Physics::Module] Id: 0xf2b8ea05
[Physics::Module] SDK Version: 4.1.2
[Physics::Module] Integration Version: 1.0.0
[Physics::Module] Threading Mode: Multi-Threaded
Refreshing native plugins compatible for Editor in 7.83 ms, found 10 plugins.
Preloading 2 native plugins for Editor in 12.80 ms.
Initialize engine version: 6000.0.33f1 (433b0a79340b)
[Subsystems] Discovering subsystems at path /Applications/Unity/Hub/Editor/6000.0.33f1/Unity.app/Contents/Resources/UnitySubsystems
[Subsystems] Discovering subsystems at path /Users/jagdishsonigra/Documents/Scopey/Assets
GfxDevice: creating device client; kGfxThreadingModeNonThreaded
 preferred device: Apple M1 (high power)
Metal devices available: 1
0: Apple M1 (high power)
Using device Apple M1 (high power)
Initializing Metal device caps: Apple M1
Shader 'Meta/MRUK/Scene/HighlightsAndShadows': fallback shader 'Off' not found
Shader 'Oculus/OVRMRCameraFrameLit': fallback shader 'Alpha-Diffuse' not found
Initialize mono
Mono path[0] = '/Applications/Unity/Hub/Editor/6000.0.33f1/Unity.app/Contents/Managed'
Mono path[1] = '/Applications/Unity/Hub/Editor/6000.0.33f1/Unity.app/Contents/MonoBleedingEdge/lib/mono/unityjit-macos'
Mono config path = '/Applications/Unity/Hub/Editor/6000.0.33f1/Unity.app/Contents/MonoBleedingEdge/etc'
Using monoOptions --debugger-agent=transport=dt_socket,embedding=1,server=y,suspend=n,address=127.0.0.1:56276
Begin MonoManager ReloadAssembly
Registering precompiled unity dll's ...
Register platform support module: /Applications/Unity/Hub/Editor/6000.0.33f1/Unity.app/Contents/PlaybackEngines/MacStandaloneSupport/UnityEditor.OSXStandalone.Extensions.dll
Register platform support module: /Applications/Unity/Hub/Editor/6000.0.33f1/PlaybackEngines/AndroidPlayer/UnityEditor.Android.Extensions.dll
Register platform support module: /Applications/Unity/Hub/Editor/6000.0.33f1/PlaybackEngines/iOSSupport/UnityEditor.iOS.Extensions.dll
Registered in 0.001108 seconds.
- Loaded All Assemblies, in  0.330 seconds
[usbmuxd] Start listen thread
[usbmuxd] Listen thread started
[usbmuxd] Send listen message
Native extension for iOS target not found
2025-04-11 12:44:47.802 Unity[67276:2847360] [XcodeApplications] Failed to read NSDictionary from path /Contents/Info.plist
Native extension for Android target not found
Android Extension - Scanning For ADB Devices 79 ms
Native extension for OSXStandalone target not found
Mono: successfully reloaded assembly
- Finished resetting the current domain, in  0.479 seconds
Domain Reload Profiling: 810ms
	BeginReloadAssembly (111ms)
		ExecutionOrderSort (0ms)
		DisableScriptedObjects (0ms)
		BackupInstance (0ms)
		ReleaseScriptingObjects (0ms)
		CreateAndSetChildDomain (1ms)
	RebuildCommonClasses (32ms)
	RebuildNativeTypeToScriptingClass (10ms)
	initialDomainReloadingComplete (39ms)
	LoadAllAssembliesAndSetupDomain (137ms)
		LoadAssemblies (112ms)
		RebuildTransferFunctionScriptingTraits (0ms)
		AnalyzeDomain (133ms)
			TypeCache.Refresh (131ms)
				TypeCache.ScanAssembly (118ms)
			BuildScriptInfoCaches (0ms)
			ResolveRequiredComponents (1ms)
	FinalizeReload (480ms)
		ReleaseScriptCaches (0ms)
		RebuildScriptCaches (0ms)
		SetupLoadedEditorAssemblies (432ms)
			LogAssemblyErrors (0ms)
			InitializePlatformSupportModulesInManaged (228ms)
			SetLoadedEditorAssemblies (3ms)
			BeforeProcessingInitializeOnLoad (44ms)
			ProcessInitializeOnLoadAttributes (99ms)
			ProcessInitializeOnLoadMethodAttributes (58ms)
			AfterProcessingInitializeOnLoad (0ms)
			EditorAssembliesLoaded (0ms)
		ExecutionOrderSort2 (0ms)
		AwakeInstancesAfterBackupRestoration (0ms)
========================================================================
Worker process is ready to serve import requests
Import Worker Mode flag is 0x00
Begin MonoManager ReloadAssembly
Symbol file LoadedFromMemory is not a mono symbol file
- Loaded All Assemblies, in  0.769 seconds
Script 'CharacterController' has the same name as built-in Unity component.
AddComponent and GetComponent will not work with this script.
'Packages/com.meta.xr.sdk.core/Editor/BuildingBlocks/BlocksWindow.cs' contains partial class of Unity.Object, exactly 1 of the partial classes needs to be in a file with the same filename. This is to know the one that can be referenced from ie. GameObjects
'Packages/com.meta.xr.sdk.core/Editor/BuildingBlocks/BlocksWindowDetailsExtension.cs' contains partial class of Unity.Object, exactly 1 of the partial classes needs to be in a file with the same filename. This is to know the one that can be referenced from ie. GameObjects
'Packages/com.meta.xr.sdk.core/Editor/BuildingBlocks/BlocksWindowCollectionsPageExtension.cs' contains partial class of Unity.Object, exactly 1 of the partial classes needs to be in a file with the same filename. This is to know the one that can be referenced from ie. GameObjects
Refreshing native plugins compatible for Editor in 3.00 ms, found 10 plugins.
Native extension for iOS target not found
Native extension for Android target not found
Native extension for OSXStandalone target not found
Package Manager log level set to [2]
[Package Manager] Failed to launch server process. Reason: Unity was launched with the -noUpm command-line argument
[Package Manager] Unable to send message (not connected to server process).
[Package Manager] Cannot connect to Unity Package Manager local server
[Package Manager] Failed to launch server process. Reason: Unity was launched with the -noUpm command-line argument
[Package Manager] Unable to send message (not connected to server process).
[Package Manager] Cannot connect to Unity Package Manager local server
Refreshing native plugins compatible for Editor in 2.25 ms, found 10 plugins.
11/04 12:44:50.100 {DEBUG}   [AnalyticsLifeTime] Pre initialization finished.
11/04 12:44:50.100 {DEBUG}   [AnalyticsLifeTime] Post-migration initialization finished.
[Package Manager] Failed to launch server process. Reason: Unity was launched with the -noUpm command-line argument
[Package Manager] Unable to send message (not connected to server process).
[Package Manager] Cannot connect to Unity Package Manager local server
Mono: successfully reloaded assembly
[Package Manager] Failed to launch server process. Reason: Unity was launched with the -noUpm command-line argument
[Package Manager] Unable to send message (not connected to server process).
[Package Manager] Cannot connect to Unity Package Manager local server
[Package Manager] Failed to launch server process. Reason: Unity was launched with the -noUpm command-line argument
[Package Manager] Unable to send message (not connected to server process).
[Package Manager] Cannot connect to Unity Package Manager local server
- Finished resetting the current domain, in  0.912 seconds
Domain Reload Profiling: 1674ms
	BeginReloadAssembly (102ms)
		ExecutionOrderSort (0ms)
		DisableScriptedObjects (5ms)
		BackupInstance (0ms)
		ReleaseScriptingObjects (0ms)
		CreateAndSetChildDomain (39ms)
	RebuildCommonClasses (31ms)
	RebuildNativeTypeToScriptingClass (10ms)
	initialDomainReloadingComplete (26ms)
	LoadAllAssembliesAndSetupDomain (592ms)
		LoadAssemblies (335ms)
		RebuildTransferFunctionScriptingTraits (0ms)
		AnalyzeDomain (294ms)
			TypeCache.Refresh (217ms)
				TypeCache.ScanAssembly (185ms)
			BuildScriptInfoCaches (59ms)
			ResolveRequiredComponents (16ms)
	FinalizeReload (912ms)
		ReleaseScriptCaches (0ms)
		RebuildScriptCaches (0ms)
		SetupLoadedEditorAssemblies (754ms)
			LogAssemblyErrors (0ms)
			InitializePlatformSupportModulesInManaged (15ms)
			SetLoadedEditorAssemblies (7ms)
			BeforeProcessingInitializeOnLoad (108ms)
			ProcessInitializeOnLoadAttributes (544ms)
			ProcessInitializeOnLoadMethodAttributes (78ms)
			AfterProcessingInitializeOnLoad (1ms)
			EditorAssembliesLoaded (0ms)
		ExecutionOrderSort2 (0ms)
		AwakeInstancesAfterBackupRestoration (2ms)
Shader 'Oculus/OVRMRCameraFrameLit': fallback shader 'Alpha-Diffuse' not found
Shader 'Meta/MRUK/Scene/HighlightsAndShadows': fallback shader 'Off' not found
[OVRPlugin][INFO] UnityPluginLoad called
Launching external process: /Applications/Unity/Hub/Editor/6000.0.33f1/Unity.app/Contents/Tools/UnityShaderCompiler
Launched and connected shader compiler UnityShaderCompiler after 0.06 seconds
Refreshing native plugins compatible for Editor in 2.12 ms, found 10 plugins.
Preloading 2 native plugins for Editor in 0.64 ms.
Unloading 295 Unused Serialized files (Serialized files now loaded: 0)
Unloading 8619 unused Assets / (4.8 MB). Loaded Objects now: 9365.
Memory consumption went from 202.2 MB to 197.4 MB.
Total: 12.555584 ms (FindLiveObjects: 1.660625 ms CreateObjectMapping: 0.444667 ms MarkObjects: 7.585416 ms  DeleteObjects: 2.864250 ms)

========================================================================
Received Import Request.
  Time since last request: 211094.065030 seconds.
  path: Assets/Scripts
  artifactKey: Guid(149cef470dbcc4ca5969b78a1d72a437) Importer(815301076,1909f56bfc062723c751e8b465ee728b)
Start importing Assets/Scripts using Guid(149cef470dbcc4ca5969b78a1d72a437) Importer(815301076,1909f56bfc062723c751e8b465ee728b) (PreviewImporter) -> (artifact id: '951a0636806105445bae5fcf5ec4c705') in 0.0199115 seconds
Number of updated asset objects reloaded before import = 0Number of asset objects unloaded after import = 0

========================================================================
Received Prepare
Script 'CharacterController' has the same name as built-in Unity component.
AddComponent and GetComponent will not work with this script.
'Packages/com.meta.xr.sdk.core/Editor/BuildingBlocks/BlocksWindow.cs' contains partial class of Unity.Object, exactly 1 of the partial classes needs to be in a file with the same filename. This is to know the one that can be referenced from ie. GameObjects
'Packages/com.meta.xr.sdk.core/Editor/BuildingBlocks/BlocksWindowDetailsExtension.cs' contains partial class of Unity.Object, exactly 1 of the partial classes needs to be in a file with the same filename. This is to know the one that can be referenced from ie. GameObjects
'Packages/com.meta.xr.sdk.core/Editor/BuildingBlocks/BlocksWindowCollectionsPageExtension.cs' contains partial class of Unity.Object, exactly 1 of the partial classes needs to be in a file with the same filename. This is to know the one that can be referenced from ie. GameObjects
Shader 'Oculus/OVRMRCameraFrameLit': fallback shader 'Alpha-Diffuse' not found
Shader 'Meta/MRUK/Scene/HighlightsAndShadows': fallback shader 'Off' not found
Refreshing native plugins compatible for Editor in 2.04 ms, found 10 plugins.
Preloading 2 native plugins for Editor in 0.66 ms.
Unloading 16 Unused Serialized files (Serialized files now loaded: 0)
Unloading 8566 unused Assets / (5.3 MB). Loaded Objects now: 9359.
Memory consumption went from 149.2 MB to 143.9 MB.
Total: 17.874459 ms (FindLiveObjects: 0.516250 ms CreateObjectMapping: 0.285583 ms MarkObjects: 15.068500 ms  DeleteObjects: 2.003208 ms)

Prepare: number of updated asset objects reloaded= 0
========================================================================
Received Import Request.
  Time since last request: 22.379104 seconds.
  path: Assets/Scripts/ObjectDetectionOverlay.cs
  artifactKey: Guid(07f4ca8c832ec4af19dfa6e37bc6c731) Importer(815301076,1909f56bfc062723c751e8b465ee728b)
Start importing Assets/Scripts/ObjectDetectionOverlay.cs using Guid(07f4ca8c832ec4af19dfa6e37bc6c731) Importer(815301076,1909f56bfc062723c751e8b465ee728b) (PreviewImporter) -> (artifact id: 'eb2c86ec458addcf7ce3b743ce6e03de') in 0.003642667 seconds
Number of updated asset objects reloaded before import = 0Number of asset objects unloaded after import = 0

========================================================================
Received Prepare
Begin MonoManager ReloadAssembly
Thread 0x32519f000 may have been prematurely finalized
Symbol file LoadedFromMemory is not a mono symbol file
- Loaded All Assemblies, in  1.104 seconds
Script 'CharacterController' has the same name as built-in Unity component.
AddComponent and GetComponent will not work with this script.
'Packages/com.meta.xr.sdk.core/Editor/BuildingBlocks/BlocksWindow.cs' contains partial class of Unity.Object, exactly 1 of the partial classes needs to be in a file with the same filename. This is to know the one that can be referenced from ie. GameObjects
'Packages/com.meta.xr.sdk.core/Editor/BuildingBlocks/BlocksWindowDetailsExtension.cs' contains partial class of Unity.Object, exactly 1 of the partial classes needs to be in a file with the same filename. This is to know the one that can be referenced from ie. GameObjects
'Packages/com.meta.xr.sdk.core/Editor/BuildingBlocks/BlocksWindowCollectionsPageExtension.cs' contains partial class of Unity.Object, exactly 1 of the partial classes needs to be in a file with the same filename. This is to know the one that can be referenced from ie. GameObjects
Refreshing native plugins compatible for Editor in 2.07 ms, found 10 plugins.
Native extension for iOS target not found
Native extension for Android target not found
Native extension for OSXStandalone target not found
[Package Manager] Failed to launch server process. Reason: Unity was launched with the -noUpm command-line argument
[Package Manager] Unable to send message (not connected to server process).
[Package Manager] Cannot connect to Unity Package Manager local server
[Package Manager] Failed to launch server process. Reason: Unity was launched with the -noUpm command-line argument
[Package Manager] Unable to send message (not connected to server process).
[Package Manager] Cannot connect to Unity Package Manager local server
Refreshing native plugins compatible for Editor in 2.81 ms, found 10 plugins.
[Package Manager] Failed to launch server process. Reason: Unity was launched with the -noUpm command-line argument
[Package Manager] Unable to send message (not connected to server process).
[Package Manager] Cannot connect to Unity Package Manager local server
Mono: successfully reloaded assembly
[Package Manager] Failed to launch server process. Reason: Unity was launched with the -noUpm command-line argument
[Package Manager] Unable to send message (not connected to server process).
[Package Manager] Cannot connect to Unity Package Manager local server
- Finished resetting the current domain, in  1.101 seconds
Domain Reload Profiling: 2212ms
	BeginReloadAssembly (350ms)
		ExecutionOrderSort (0ms)
		DisableScriptedObjects (8ms)
		BackupInstance (0ms)
		ReleaseScriptingObjects (0ms)
		CreateAndSetChildDomain (169ms)
	RebuildCommonClasses (30ms)
	RebuildNativeTypeToScriptingClass (11ms)
	initialDomainReloadingComplete (24ms)
	LoadAllAssembliesAndSetupDomain (696ms)
		LoadAssemblies (480ms)
		RebuildTransferFunctionScriptingTraits (0ms)
		AnalyzeDomain (317ms)
			TypeCache.Refresh (24ms)
				TypeCache.ScanAssembly (0ms)
			BuildScriptInfoCaches (259ms)
			ResolveRequiredComponents (27ms)
	FinalizeReload (1101ms)
		ReleaseScriptCaches (0ms)
		RebuildScriptCaches (0ms)
		SetupLoadedEditorAssemblies (762ms)
			LogAssemblyErrors (0ms)
			InitializePlatformSupportModulesInManaged (23ms)
			SetLoadedEditorAssemblies (9ms)
			BeforeProcessingInitializeOnLoad (157ms)
			ProcessInitializeOnLoadAttributes (514ms)
			ProcessInitializeOnLoadMethodAttributes (58ms)
			AfterProcessingInitializeOnLoad (1ms)
			EditorAssembliesLoaded (1ms)
		ExecutionOrderSort2 (0ms)
		AwakeInstancesAfterBackupRestoration (13ms)
Shader 'Oculus/OVRMRCameraFrameLit': fallback shader 'Alpha-Diffuse' not found
Shader 'Meta/MRUK/Scene/HighlightsAndShadows': fallback shader 'Off' not found
Refreshing native plugins compatible for Editor in 4.26 ms, found 10 plugins.
Preloading 2 native plugins for Editor in 0.70 ms.
Unloading 26 Unused Serialized files (Serialized files now loaded: 0)
Unloading 8616 unused Assets / (3.3 MB). Loaded Objects now: 9384.
Memory consumption went from 176.7 MB to 173.4 MB.
Total: 15.452042 ms (FindLiveObjects: 1.086125 ms CreateObjectMapping: 0.483250 ms MarkObjects: 10.407375 ms  DeleteObjects: 3.474625 ms)

Prepare: number of updated asset objects reloaded= 0
========================================================================
Received Import Request.
  Time since last request: 11.533552 seconds.
  path: Assets/Scripts/ObjectDetectionOverlay.cs
  artifactKey: Guid(07f4ca8c832ec4af19dfa6e37bc6c731) Importer(815301076,1909f56bfc062723c751e8b465ee728b)
Start importing Assets/Scripts/ObjectDetectionOverlay.cs using Guid(07f4ca8c832ec4af19dfa6e37bc6c731) Importer(815301076,1909f56bfc062723c751e8b465ee728b) (PreviewImporter) -> (artifact id: 'a32b11e59567f7bf2eb23a7e5b0a07be') in 0.002806542 seconds
Number of updated asset objects reloaded before import = 0Number of asset objects unloaded after import = 0

========================================================================
Received Prepare
Begin MonoManager ReloadAssembly
Thread 0x17c2c7000 may have been prematurely finalized
Symbol file LoadedFromMemory is not a mono symbol file
- Loaded All Assemblies, in  1.012 seconds
Script 'CharacterController' has the same name as built-in Unity component.
AddComponent and GetComponent will not work with this script.
'Packages/com.meta.xr.sdk.core/Editor/BuildingBlocks/BlocksWindow.cs' contains partial class of Unity.Object, exactly 1 of the partial classes needs to be in a file with the same filename. This is to know the one that can be referenced from ie. GameObjects
'Packages/com.meta.xr.sdk.core/Editor/BuildingBlocks/BlocksWindowDetailsExtension.cs' contains partial class of Unity.Object, exactly 1 of the partial classes needs to be in a file with the same filename. This is to know the one that can be referenced from ie. GameObjects
'Packages/com.meta.xr.sdk.core/Editor/BuildingBlocks/BlocksWindowCollectionsPageExtension.cs' contains partial class of Unity.Object, exactly 1 of the partial classes needs to be in a file with the same filename. This is to know the one that can be referenced from ie. GameObjects
Refreshing native plugins compatible for Editor in 2.70 ms, found 10 plugins.
Native extension for iOS target not found
Native extension for Android target not found
Native extension for OSXStandalone target not found
[Package Manager] Failed to launch server process. Reason: Unity was launched with the -noUpm command-line argument
[Package Manager] Unable to send message (not connected to server process).
[Package Manager] Cannot connect to Unity Package Manager local server
[Package Manager] Failed to launch server process. Reason: Unity was launched with the -noUpm command-line argument
[Package Manager] Unable to send message (not connected to server process).
[Package Manager] Cannot connect to Unity Package Manager local server
Refreshing native plugins compatible for Editor in 8.70 ms, found 10 plugins.
[Package Manager] Failed to launch server process. Reason: Unity was launched with the -noUpm command-line argument
[Package Manager] Unable to send message (not connected to server process).
[Package Manager] Cannot connect to Unity Package Manager local server
Mono: successfully reloaded assembly
[Package Manager] Failed to launch server process. Reason: Unity was launched with the -noUpm command-line argument
[Package Manager] Unable to send message (not connected to server process).
[Package Manager] Cannot connect to Unity Package Manager local server
- Finished resetting the current domain, in  0.936 seconds
Domain Reload Profiling: 1954ms
	BeginReloadAssembly (284ms)
		ExecutionOrderSort (0ms)
		DisableScriptedObjects (14ms)
		BackupInstance (0ms)
		ReleaseScriptingObjects (0ms)
		CreateAndSetChildDomain (152ms)
	RebuildCommonClasses (33ms)
	RebuildNativeTypeToScriptingClass (10ms)
	initialDomainReloadingComplete (23ms)
	LoadAllAssembliesAndSetupDomain (668ms)
		LoadAssemblies (359ms)
		RebuildTransferFunctionScriptingTraits (0ms)
		AnalyzeDomain (355ms)
			TypeCache.Refresh (37ms)
				TypeCache.ScanAssembly (0ms)
			BuildScriptInfoCaches (291ms)
			ResolveRequiredComponents (18ms)
	FinalizeReload (936ms)
		ReleaseScriptCaches (0ms)
		RebuildScriptCaches (0ms)
		SetupLoadedEditorAssemblies (737ms)
			LogAssemblyErrors (0ms)
			InitializePlatformSupportModulesInManaged (27ms)
			SetLoadedEditorAssemblies (18ms)
			BeforeProcessingInitializeOnLoad (112ms)
			ProcessInitializeOnLoadAttributes (523ms)
			ProcessInitializeOnLoadMethodAttributes (54ms)
			AfterProcessingInitializeOnLoad (1ms)
			EditorAssembliesLoaded (1ms)
		ExecutionOrderSort2 (0ms)
		AwakeInstancesAfterBackupRestoration (6ms)
Shader 'Oculus/OVRMRCameraFrameLit': fallback shader 'Alpha-Diffuse' not found
Shader 'Meta/MRUK/Scene/HighlightsAndShadows': fallback shader 'Off' not found
Refreshing native plugins compatible for Editor in 5.21 ms, found 10 plugins.
Preloading 2 native plugins for Editor in 0.90 ms.
Unloading 16 Unused Serialized files (Serialized files now loaded: 0)
Unloading 8616 unused Assets / (4.0 MB). Loaded Objects now: 9387.
Memory consumption went from 173.9 MB to 169.9 MB.
Total: 17.166166 ms (FindLiveObjects: 0.741375 ms CreateObjectMapping: 0.739333 ms MarkObjects: 11.768875 ms  DeleteObjects: 3.915458 ms)

Prepare: number of updated asset objects reloaded= 0
========================================================================
Received Import Request.
  Time since last request: 61.531282 seconds.
  path: Assets/Scripts/ObjectDetectionOverlay.cs
  artifactKey: Guid(07f4ca8c832ec4af19dfa6e37bc6c731) Importer(815301076,1909f56bfc062723c751e8b465ee728b)
Start importing Assets/Scripts/ObjectDetectionOverlay.cs using Guid(07f4ca8c832ec4af19dfa6e37bc6c731) Importer(815301076,1909f56bfc062723c751e8b465ee728b) (PreviewImporter) -> (artifact id: '4cdd7ac6788d5e29b0e3450b3a256b00') in 0.001887542 seconds
Number of updated asset objects reloaded before import = 0Number of asset objects unloaded after import = 0

========================================================================
Received Import Request.
  Time since last request: 72.322026 seconds.
  path: Assets/Prefabs
  artifactKey: Guid(d43356f9350d44274b01dd218809f904) Importer(815301076,1909f56bfc062723c751e8b465ee728b)
Start importing Assets/Prefabs using Guid(d43356f9350d44274b01dd218809f904) Importer(815301076,1909f56bfc062723c751e8b465ee728b) (PreviewImporter) -> (artifact id: '9e71a596db1ba96fe5fb919ad99b99c0') in 0.001686541 seconds
Number of updated asset objects reloaded before import = 0Number of asset objects unloaded after import = 0

========================================================================
Received Import Request.
  Time since last request: 35.956657 seconds.
  path: Assets/transparent.mat
  artifactKey: Guid(11c849ea9d0d6446dbadf213d0baeac1) Importer(815301076,1909f56bfc062723c751e8b465ee728b)
Start importing Assets/transparent.mat using Guid(11c849ea9d0d6446dbadf213d0baeac1) Importer(815301076,1909f56bfc062723c751e8b465ee728b) (PreviewImporter) -> (artifact id: 'd60d27d1ec9a58b01b97128ccdee6b12') in 1.798806708 seconds
Number of updated asset objects reloaded before import = 0Number of asset objects unloaded after import = 1

========================================================================
Received Import Request.
  Time since last request: 54.976396 seconds.
  path: Assets/Prefabs/transparent.mat
  artifactKey: Guid(11c849ea9d0d6446dbadf213d0baeac1) Importer(815301076,1909f56bfc062723c751e8b465ee728b)
Start importing Assets/Prefabs/transparent.mat using Guid(11c849ea9d0d6446dbadf213d0baeac1) Importer(815301076,1909f56bfc062723c751e8b465ee728b) (PreviewImporter) -> (artifact id: '99d82b88d978fe2fb4f7e75ee9af39bd') in 0.92049 seconds
Number of updated asset objects reloaded before import = 0Number of asset objects unloaded after import = 1

========================================================================
Received Import Request.
  Time since last request: 0.936019 seconds.
  path: Assets/Prefabs/Cube.prefab
  artifactKey: Guid(a6a001996b1c044c691ea7c1eeb29f32) Importer(815301076,1909f56bfc062723c751e8b465ee728b)
Start importing Assets/Prefabs/Cube.prefab using Guid(a6a001996b1c044c691ea7c1eeb29f32) Importer(815301076,1909f56bfc062723c751e8b465ee728b) (PreviewImporter) -> (artifact id: 'c616fb57422f7b716ac5854ede7ec185') in 0.0330025 seconds
Number of updated asset objects reloaded before import = 0Number of asset objects unloaded after import = 7

========================================================================
Received Prepare
Begin MonoManager ReloadAssembly
Thread 0x17c2c7000 may have been prematurely finalized
Symbol file LoadedFromMemory is not a mono symbol file
- Loaded All Assemblies, in  1.427 seconds
Script 'CharacterController' has the same name as built-in Unity component.
AddComponent and GetComponent will not work with this script.
'Packages/com.meta.xr.sdk.core/Editor/BuildingBlocks/BlocksWindow.cs' contains partial class of Unity.Object, exactly 1 of the partial classes needs to be in a file with the same filename. This is to know the one that can be referenced from ie. GameObjects
'Packages/com.meta.xr.sdk.core/Editor/BuildingBlocks/BlocksWindowDetailsExtension.cs' contains partial class of Unity.Object, exactly 1 of the partial classes needs to be in a file with the same filename. This is to know the one that can be referenced from ie. GameObjects
'Packages/com.meta.xr.sdk.core/Editor/BuildingBlocks/BlocksWindowCollectionsPageExtension.cs' contains partial class of Unity.Object, exactly 1 of the partial classes needs to be in a file with the same filename. This is to know the one that can be referenced from ie. GameObjects
Refreshing native plugins compatible for Editor in 1.99 ms, found 10 plugins.
Native extension for iOS target not found
2025-04-11 13:17:44.600 Unity[67276:2847360] [XcodeApplications] Failed to read NSDictionary from path 2j*/Contents/Info.plist
Native extension for Android target not found
Native extension for OSXStandalone target not found
[Package Manager] Failed to launch server process. Reason: Unity was launched with the -noUpm command-line argument
[Package Manager] Unable to send message (not connected to server process).
[Package Manager] Cannot connect to Unity Package Manager local server
[Package Manager] Failed to launch server process. Reason: Unity was launched with the -noUpm command-line argument
[Package Manager] Unable to send message (not connected to server process).
[Package Manager] Cannot connect to Unity Package Manager local server
Refreshing native plugins compatible for Editor in 3.08 ms, found 10 plugins.
[Package Manager] Failed to launch server process. Reason: Unity was launched with the -noUpm command-line argument
[Package Manager] Unable to send message (not connected to server process).
[Package Manager] Cannot connect to Unity Package Manager local server
Mono: successfully reloaded assembly
[Package Manager] Failed to launch server process. Reason: Unity was launched with the -noUpm command-line argument
[Package Manager] Unable to send message (not connected to server process).
[Package Manager] Cannot connect to Unity Package Manager local server
- Finished resetting the current domain, in  0.851 seconds
Domain Reload Profiling: 2283ms
	BeginReloadAssembly (688ms)
		ExecutionOrderSort (0ms)
		DisableScriptedObjects (124ms)
		BackupInstance (0ms)
		ReleaseScriptingObjects (3ms)
		CreateAndSetChildDomain (234ms)
	RebuildCommonClasses (36ms)
	RebuildNativeTypeToScriptingClass (11ms)
	initialDomainReloadingComplete (24ms)
	LoadAllAssembliesAndSetupDomain (671ms)
		LoadAssemblies (514ms)
		RebuildTransferFunctionScriptingTraits (0ms)
		AnalyzeDomain (328ms)
			TypeCache.Refresh (31ms)
				TypeCache.ScanAssembly (0ms)
			BuildScriptInfoCaches (273ms)
			ResolveRequiredComponents (18ms)
	FinalizeReload (852ms)
		ReleaseScriptCaches (0ms)
		RebuildScriptCaches (0ms)
		SetupLoadedEditorAssemblies (637ms)
			LogAssemblyErrors (0ms)
			InitializePlatformSupportModulesInManaged (53ms)
			SetLoadedEditorAssemblies (10ms)
			BeforeProcessingInitializeOnLoad (103ms)
			ProcessInitializeOnLoadAttributes (414ms)
			ProcessInitializeOnLoadMethodAttributes (56ms)
			AfterProcessingInitializeOnLoad (1ms)
			EditorAssembliesLoaded (1ms)
		ExecutionOrderSort2 (0ms)
		AwakeInstancesAfterBackupRestoration (10ms)
Shader 'Oculus/OVRMRCameraFrameLit': fallback shader 'Alpha-Diffuse' not found
Shader 'Meta/MRUK/Scene/HighlightsAndShadows': fallback shader 'Off' not found
Refreshing native plugins compatible for Editor in 2.43 ms, found 10 plugins.
Preloading 2 native plugins for Editor in 0.68 ms.
Unloading 16 Unused Serialized files (Serialized files now loaded: 0)
Unloading 8617 unused Assets / (3.5 MB). Loaded Objects now: 9455.
Memory consumption went from 182.6 MB to 179.1 MB.
Total: 17.836250 ms (FindLiveObjects: 0.580917 ms CreateObjectMapping: 0.435042 ms MarkObjects: 13.201083 ms  DeleteObjects: 3.618125 ms)

Prepare: number of updated asset objects reloaded= 1
========================================================================
Received Import Request.
  Time since last request: 1676.431878 seconds.
  path: Assets/Prefabs/Cube.prefab
  artifactKey: Guid(a6a001996b1c044c691ea7c1eeb29f32) Importer(815301076,1909f56bfc062723c751e8b465ee728b)
Start importing Assets/Prefabs/Cube.prefab using Guid(a6a001996b1c044c691ea7c1eeb29f32) Importer(815301076,1909f56bfc062723c751e8b465ee728b) (PreviewImporter) -> (artifact id: 'aa1bc3e58c1b49a4d7a83a7c027ce051') in 0.389678209 seconds
Number of updated asset objects reloaded before import = 0Number of asset objects unloaded after import = 7

========================================================================
Received Prepare
Shader 'Oculus/OVRMRCameraFrameLit': fallback shader 'Alpha-Diffuse' not found
Shader 'Meta/MRUK/Scene/HighlightsAndShadows': fallback shader 'Off' not found
Refreshing native plugins compatible for Editor in 11.93 ms, found 10 plugins.
Preloading 2 native plugins for Editor in 6.58 ms.
Unloading 16 Unused Serialized files (Serialized files now loaded: 0)
Unloading 17 unused Assets / (2.4 MB). Loaded Objects now: 9596.
Memory consumption went from 174.3 MB to 171.9 MB.
Total: 59.049500 ms (FindLiveObjects: 0.834208 ms CreateObjectMapping: 0.141500 ms MarkObjects: 57.588000 ms  DeleteObjects: 0.484959 ms)

Prepare: number of updated asset objects reloaded= 0
========================================================================
Received Prepare
Begin MonoManager ReloadAssembly
Thread 0x17c2c7000 may have been prematurely finalized
Symbol file LoadedFromMemory is not a mono symbol file
Symbol file LoadedFromMemory is not a mono symbol file
- Loaded All Assemblies, in  1.941 seconds
Script 'CharacterController' has the same name as built-in Unity component.
AddComponent and GetComponent will not work with this script.
'Packages/com.meta.xr.sdk.core/Editor/BuildingBlocks/BlocksWindow.cs' contains partial class of Unity.Object, exactly 1 of the partial classes needs to be in a file with the same filename. This is to know the one that can be referenced from ie. GameObjects
'Packages/com.meta.xr.sdk.core/Editor/BuildingBlocks/BlocksWindowDetailsExtension.cs' contains partial class of Unity.Object, exactly 1 of the partial classes needs to be in a file with the same filename. This is to know the one that can be referenced from ie. GameObjects
'Packages/com.meta.xr.sdk.core/Editor/BuildingBlocks/BlocksWindowCollectionsPageExtension.cs' contains partial class of Unity.Object, exactly 1 of the partial classes needs to be in a file with the same filename. This is to know the one that can be referenced from ie. GameObjects
Refreshing native plugins compatible for Editor in 3.26 ms, found 10 plugins.
Native extension for iOS target not found
Native extension for Android target not found
Native extension for OSXStandalone target not found
[Package Manager] Failed to launch server process. Reason: Unity was launched with the -noUpm command-line argument
[Package Manager] Unable to send message (not connected to server process).
[Package Manager] Cannot connect to Unity Package Manager local server
[Package Manager] Failed to launch server process. Reason: Unity was launched with the -noUpm command-line argument
[Package Manager] Unable to send message (not connected to server process).
[Package Manager] Cannot connect to Unity Package Manager local server
Refreshing native plugins compatible for Editor in 3.19 ms, found 10 plugins.
[Package Manager] Failed to launch server process. Reason: Unity was launched with the -noUpm command-line argument
[Package Manager] Unable to send message (not connected to server process).
[Package Manager] Cannot connect to Unity Package Manager local server
Mono: successfully reloaded assembly
[Package Manager] Failed to launch server process. Reason: Unity was launched with the -noUpm command-line argument
[Package Manager] Unable to send message (not connected to server process).
[Package Manager] Cannot connect to Unity Package Manager local server
- Finished resetting the current domain, in  1.205 seconds
Domain Reload Profiling: 3149ms
	BeginReloadAssembly (1054ms)
		ExecutionOrderSort (1ms)
		DisableScriptedObjects (161ms)
		BackupInstance (0ms)
		ReleaseScriptingObjects (3ms)
		CreateAndSetChildDomain (485ms)
	RebuildCommonClasses (32ms)
	RebuildNativeTypeToScriptingClass (12ms)
	initialDomainReloadingComplete (25ms)
	LoadAllAssembliesAndSetupDomain (819ms)
		LoadAssemblies (724ms)
		RebuildTransferFunctionScriptingTraits (0ms)
		AnalyzeDomain (356ms)
			TypeCache.Refresh (69ms)
				TypeCache.ScanAssembly (13ms)
			BuildScriptInfoCaches (259ms)
			ResolveRequiredComponents (16ms)
	FinalizeReload (1206ms)
		ReleaseScriptCaches (0ms)
		RebuildScriptCaches (0ms)
		SetupLoadedEditorAssemblies (987ms)
			LogAssemblyErrors (0ms)
			InitializePlatformSupportModulesInManaged (219ms)
			SetLoadedEditorAssemblies (6ms)
			BeforeProcessingInitializeOnLoad (153ms)
			ProcessInitializeOnLoadAttributes (493ms)
			ProcessInitializeOnLoadMethodAttributes (114ms)
			AfterProcessingInitializeOnLoad (1ms)
			EditorAssembliesLoaded (1ms)
		ExecutionOrderSort2 (0ms)
		AwakeInstancesAfterBackupRestoration (10ms)
Shader 'Oculus/OVRMRCameraFrameLit': fallback shader 'Alpha-Diffuse' not found
Shader 'Meta/MRUK/Scene/HighlightsAndShadows': fallback shader 'Off' not found
Refreshing native plugins compatible for Editor in 4.24 ms, found 10 plugins.
Preloading 2 native plugins for Editor in 0.71 ms.
Unloading 114 Unused Serialized files (Serialized files now loaded: 0)
Unloading 8922 unused Assets / (15.1 MB). Loaded Objects now: 9684.
Memory consumption went from 218.3 MB to 203.2 MB.
Total: 28.526375 ms (FindLiveObjects: 1.385334 ms CreateObjectMapping: 1.469416 ms MarkObjects: 17.483334 ms  DeleteObjects: 8.187291 ms)

Prepare: number of updated asset objects reloaded= 0
========================================================================
Received Prepare
Script 'CharacterController' has the same name as built-in Unity component.
AddComponent and GetComponent will not work with this script.
'Packages/com.meta.xr.sdk.core/Editor/BuildingBlocks/BlocksWindow.cs' contains partial class of Unity.Object, exactly 1 of the partial classes needs to be in a file with the same filename. This is to know the one that can be referenced from ie. GameObjects
'Packages/com.meta.xr.sdk.core/Editor/BuildingBlocks/BlocksWindowDetailsExtension.cs' contains partial class of Unity.Object, exactly 1 of the partial classes needs to be in a file with the same filename. This is to know the one that can be referenced from ie. GameObjects
'Packages/com.meta.xr.sdk.core/Editor/BuildingBlocks/BlocksWindowCollectionsPageExtension.cs' contains partial class of Unity.Object, exactly 1 of the partial classes needs to be in a file with the same filename. This is to know the one that can be referenced from ie. GameObjects
Shader 'Oculus/OVRMRCameraFrameLit': fallback shader 'Alpha-Diffuse' not found
Shader 'Meta/MRUK/Scene/HighlightsAndShadows': fallback shader 'Off' not found
Refreshing native plugins compatible for Editor in 9.97 ms, found 10 plugins.
Preloading 2 native plugins for Editor in 1.31 ms.
Unloading 115 Unused Serialized files (Serialized files now loaded: 0)
Unloading 8899 unused Assets / (17.2 MB). Loaded Objects now: 9702.
Memory consumption went from 207.1 MB to 189.8 MB.
Total: 56.615833 ms (FindLiveObjects: 0.817041 ms CreateObjectMapping: 0.442333 ms MarkObjects: 45.912834 ms  DeleteObjects: 9.441334 ms)

Prepare: number of updated asset objects reloaded= 0
========================================================================
Received Prepare
Begin MonoManager ReloadAssembly
Thread 0x17c187000 may have been prematurely finalized
Symbol file LoadedFromMemory is not a mono symbol file
Symbol file LoadedFromMemory is not a mono symbol file
- Loaded All Assemblies, in  1.154 seconds
Script 'CharacterController' has the same name as built-in Unity component.
AddComponent and GetComponent will not work with this script.
'Packages/com.meta.xr.sdk.core/Editor/BuildingBlocks/BlocksWindow.cs' contains partial class of Unity.Object, exactly 1 of the partial classes needs to be in a file with the same filename. This is to know the one that can be referenced from ie. GameObjects
'Packages/com.meta.xr.sdk.core/Editor/BuildingBlocks/BlocksWindowDetailsExtension.cs' contains partial class of Unity.Object, exactly 1 of the partial classes needs to be in a file with the same filename. This is to know the one that can be referenced from ie. GameObjects
'Packages/com.meta.xr.sdk.core/Editor/BuildingBlocks/BlocksWindowCollectionsPageExtension.cs' contains partial class of Unity.Object, exactly 1 of the partial classes needs to be in a file with the same filename. This is to know the one that can be referenced from ie. GameObjects
Refreshing native plugins compatible for Editor in 6.31 ms, found 10 plugins.
Native extension for iOS target not found
Native extension for Android target not found
Native extension for OSXStandalone target not found
[Package Manager] Failed to launch server process. Reason: Unity was launched with the -noUpm command-line argument
[Package Manager] Unable to send message (not connected to server process).
[Package Manager] Cannot connect to Unity Package Manager local server
[Package Manager] Failed to launch server process. Reason: Unity was launched with the -noUpm command-line argument
[Package Manager] Unable to send message (not connected to server process).
[Package Manager] Cannot connect to Unity Package Manager local server
Refreshing native plugins compatible for Editor in 6.36 ms, found 10 plugins.
[Package Manager] Failed to launch server process. Reason: Unity was launched with the -noUpm command-line argument
[Package Manager] Unable to send message (not connected to server process).
[Package Manager] Cannot connect to Unity Package Manager local server
Mono: successfully reloaded assembly
[Package Manager] Failed to launch server process. Reason: Unity was launched with the -noUpm command-line argument
[Package Manager] Unable to send message (not connected to server process).
[Package Manager] Cannot connect to Unity Package Manager local server
- Finished resetting the current domain, in  1.351 seconds
Domain Reload Profiling: 2509ms
	BeginReloadAssembly (325ms)
		ExecutionOrderSort (0ms)
		DisableScriptedObjects (11ms)
		BackupInstance (0ms)
		ReleaseScriptingObjects (1ms)
		CreateAndSetChildDomain (147ms)
	RebuildCommonClasses (44ms)
	RebuildNativeTypeToScriptingClass (10ms)
	initialDomainReloadingComplete (29ms)
	LoadAllAssembliesAndSetupDomain (749ms)
		LoadAssemblies (513ms)
		RebuildTransferFunctionScriptingTraits (0ms)
		AnalyzeDomain (339ms)
			TypeCache.Refresh (44ms)
				TypeCache.ScanAssembly (1ms)
			BuildScriptInfoCaches (263ms)
			ResolveRequiredComponents (18ms)
	FinalizeReload (1352ms)
		ReleaseScriptCaches (0ms)
		RebuildScriptCaches (0ms)
		SetupLoadedEditorAssemblies (1061ms)
			LogAssemblyErrors (0ms)
			InitializePlatformSupportModulesInManaged (69ms)
			SetLoadedEditorAssemblies (20ms)
			BeforeProcessingInitializeOnLoad (229ms)
			ProcessInitializeOnLoadAttributes (645ms)
			ProcessInitializeOnLoadMethodAttributes (96ms)
			AfterProcessingInitializeOnLoad (1ms)
			EditorAssembliesLoaded (1ms)
		ExecutionOrderSort2 (0ms)
		AwakeInstancesAfterBackupRestoration (18ms)
Shader 'Oculus/OVRMRCameraFrameLit': fallback shader 'Alpha-Diffuse' not found
Shader 'Meta/MRUK/Scene/HighlightsAndShadows': fallback shader 'Off' not found
Refreshing native plugins compatible for Editor in 3.44 ms, found 10 plugins.
Preloading 2 native plugins for Editor in 1.12 ms.
Unloading 115 Unused Serialized files (Serialized files now loaded: 0)
Unloading 8950 unused Assets / (19.4 MB). Loaded Objects now: 9714.
Memory consumption went from 218.2 MB to 198.8 MB.
Total: 15.435084 ms (FindLiveObjects: 0.980375 ms CreateObjectMapping: 0.680500 ms MarkObjects: 8.457583 ms  DeleteObjects: 5.315875 ms)

Prepare: number of updated asset objects reloaded= 0
========================================================================
Received Import Request.
  Time since last request: 1027.911779 seconds.
  path: Assets/PassthroughCameraApiSamples
  artifactKey: Guid(19337fe7391824373bb898243dcdb12a) Importer(815301076,1909f56bfc062723c751e8b465ee728b)
Start importing Assets/PassthroughCameraApiSamples using Guid(19337fe7391824373bb898243dcdb12a) Importer(815301076,1909f56bfc062723c751e8b465ee728b) (PreviewImporter) -> (artifact id: '90e02896623ba2365025f15d6635cc6e') in 0.008181917 seconds
Number of updated asset objects reloaded before import = 0Number of asset objects unloaded after import = 0

========================================================================
Received Import Request.
  Time since last request: 3.268871 seconds.
  path: Assets/PassthroughCameraApiSamples/CameraToWorld
  artifactKey: Guid(e9e848390d3ad44cab74070baf71c508) Importer(815301076,1909f56bfc062723c751e8b465ee728b)
Start importing Assets/PassthroughCameraApiSamples/CameraToWorld using Guid(e9e848390d3ad44cab74070baf71c508) Importer(815301076,1909f56bfc062723c751e8b465ee728b) (PreviewImporter) -> (artifact id: '1b5e39078916b7832cc48920cb330033') in 0.00396925 seconds
Number of updated asset objects reloaded before import = 0Number of asset objects unloaded after import = 0

========================================================================
Received Import Request.
  Time since last request: 1.369526 seconds.
  path: Assets/PassthroughCameraApiSamples/CameraToWorld/CameraToWorld.unity
  artifactKey: Guid(756785b371a4f49438b7e2148816e892) Importer(815301076,1909f56bfc062723c751e8b465ee728b)
Start importing Assets/PassthroughCameraApiSamples/CameraToWorld/CameraToWorld.unity using Guid(756785b371a4f49438b7e2148816e892) Importer(815301076,1909f56bfc062723c751e8b465ee728b) (PreviewImporter) -> (artifact id: 'b5ea1d47dce6db5b935f51fba43bbfbe') in 0.000564083 seconds
Number of updated asset objects reloaded before import = 0Number of asset objects unloaded after import = 0

========================================================================
Received Import Request.
  Time since last request: 102.319524 seconds.
  path: Assets/PassthroughCameraApiSamples/PassthroughCamera
  artifactKey: Guid(441d1cde382f24138b75843f2734749b) Importer(815301076,1909f56bfc062723c751e8b465ee728b)
Start importing Assets/PassthroughCameraApiSamples/PassthroughCamera using Guid(441d1cde382f24138b75843f2734749b) Importer(815301076,1909f56bfc062723c751e8b465ee728b) (PreviewImporter) -> (artifact id: 'bd18e6e7a4c5dd6571e0360aff9dd507') in 0.011746834 seconds
Number of updated asset objects reloaded before import = 0Number of asset objects unloaded after import = 0

========================================================================
Received Import Request.
  Time since last request: 4.861696 seconds.
  path: Assets/PassthroughCameraApiSamples/MultiObjectDetection
  artifactKey: Guid(298be0456427d43eb83b135631f4436f) Importer(815301076,1909f56bfc062723c751e8b465ee728b)
Start importing Assets/PassthroughCameraApiSamples/MultiObjectDetection using Guid(298be0456427d43eb83b135631f4436f) Importer(815301076,1909f56bfc062723c751e8b465ee728b) (PreviewImporter) -> (artifact id: '1035023b70c7f260352bd5eeabeeefda') in 0.002045334 seconds
Number of updated asset objects reloaded before import = 0Number of asset objects unloaded after import = 0

========================================================================
Received Import Request.
  Time since last request: 1.958123 seconds.
  path: Assets/PassthroughCameraApiSamples/MultiObjectDetection/MultiObjectDetection.unity
  artifactKey: Guid(20c230cce46443841b5727b1d6100bfc) Importer(815301076,1909f56bfc062723c751e8b465ee728b)
Start importing Assets/PassthroughCameraApiSamples/MultiObjectDetection/MultiObjectDetection.unity using Guid(20c230cce46443841b5727b1d6100bfc) Importer(815301076,1909f56bfc062723c751e8b465ee728b) (PreviewImporter) -> (artifact id: 'd66f5fd9bb217fb2afd20dbdd223dd4a') in 0.000516708 seconds
Number of updated asset objects reloaded before import = 0Number of asset objects unloaded after import = 0

========================================================================
Received Import Request.
  Time since last request: 4.949395 seconds.
  path: Assets/PassthroughCameraApiSamples/MultiObjectDetection/SentisInference
  artifactKey: Guid(918aa563876689e4d854103486715590) Importer(815301076,1909f56bfc062723c751e8b465ee728b)
Start importing Assets/PassthroughCameraApiSamples/MultiObjectDetection/SentisInference using Guid(918aa563876689e4d854103486715590) Importer(815301076,1909f56bfc062723c751e8b465ee728b) (PreviewImporter) -> (artifact id: '95003caf2a0c701678fc5daa83fc8486') in 0.002060292 seconds
Number of updated asset objects reloaded before import = 0Number of asset objects unloaded after import = 0

========================================================================
Received Import Request.
  Time since last request: 3.248592 seconds.
  path: Assets/PassthroughCameraApiSamples/MultiObjectDetection/SentisInference/Model
  artifactKey: Guid(8ab8c2f57984c894abff3798eef9168d) Importer(815301076,1909f56bfc062723c751e8b465ee728b)
Start importing Assets/PassthroughCameraApiSamples/MultiObjectDetection/SentisInference/Model using Guid(8ab8c2f57984c894abff3798eef9168d) Importer(815301076,1909f56bfc062723c751e8b465ee728b) (PreviewImporter) -> (artifact id: '296c9569888520748fcb3236e9fd8f97') in 0.000669958 seconds
Number of updated asset objects reloaded before import = 0Number of asset objects unloaded after import = 0

========================================================================
Received Import Request.
  Time since last request: 0.144447 seconds.
  path: Assets/PassthroughCameraApiSamples/MultiObjectDetection/SentisInference/Model/yolov9onnx.onnx
  artifactKey: Guid(e61826a46beb24bb380fd628c56eacaa) Importer(815301076,1909f56bfc062723c751e8b465ee728b)
Start importing Assets/PassthroughCameraApiSamples/MultiObjectDetection/SentisInference/Model/yolov9onnx.onnx using Guid(e61826a46beb24bb380fd628c56eacaa) Importer(815301076,1909f56bfc062723c751e8b465ee728b) (PreviewImporter) -> (artifact id: '554214a24843379738472a8eeb87def1') in 0.153654875 seconds
Number of updated asset objects reloaded before import = 0Number of asset objects unloaded after import = 3

========================================================================
Received Import Request.
  Time since last request: 642.987986 seconds.
  path: Assets/PassthroughCameraApiSamples/MultiObjectDetection/SentisInference/Scripts
  artifactKey: Guid(5f929c185aed87c428037317c91a3590) Importer(815301076,1909f56bfc062723c751e8b465ee728b)
Start importing Assets/PassthroughCameraApiSamples/MultiObjectDetection/SentisInference/Scripts using Guid(5f929c185aed87c428037317c91a3590) Importer(815301076,1909f56bfc062723c751e8b465ee728b) (PreviewImporter) -> (artifact id: '04d6b082ae54818e39a4b814f3d1914f') in 0.017151417 seconds
Number of updated asset objects reloaded before import = 1Number of asset objects unloaded after import = 0

========================================================================
Received Import Request.
  Time since last request: 0.896914 seconds.
  path: Assets/PassthroughCameraApiSamples/MultiObjectDetection/SentisInference/Scripts/SentisInferenceRunManager.cs
  artifactKey: Guid(9a85fc80cf14595479bd0967c6f46dc2) Importer(815301076,1909f56bfc062723c751e8b465ee728b)
Start importing Assets/PassthroughCameraApiSamples/MultiObjectDetection/SentisInference/Scripts/SentisInferenceRunManager.cs using Guid(9a85fc80cf14595479bd0967c6f46dc2) Importer(815301076,1909f56bfc062723c751e8b465ee728b) (PreviewImporter) -> (artifact id: '5d827dfe6385850b8499189c31b450c3') in 0.002627458 seconds
Number of updated asset objects reloaded before import = 0Number of asset objects unloaded after import = 0

========================================================================
Received Import Request.
  Time since last request: 5.099699 seconds.
  path: Assets/PassthroughCameraApiSamples/MultiObjectDetection/SentisInference/Scripts/SentisInferenceUiManager.cs
  artifactKey: Guid(ad237abe1df8fba4da80d86f3cb45a6b) Importer(815301076,1909f56bfc062723c751e8b465ee728b)
Start importing Assets/PassthroughCameraApiSamples/MultiObjectDetection/SentisInference/Scripts/SentisInferenceUiManager.cs using Guid(ad237abe1df8fba4da80d86f3cb45a6b) Importer(815301076,1909f56bfc062723c751e8b465ee728b) (PreviewImporter) -> (artifact id: 'a51c6fb97ae8c0101bfbb8a0b15a3014') in 0.002714292 seconds
Number of updated asset objects reloaded before import = 0Number of asset objects unloaded after import = 0

========================================================================
Received Import Request.
  Time since last request: 5.527595 seconds.
  path: Assets/PassthroughCameraApiSamples/MultiObjectDetection/SentisInference/Scripts/SentisObjectDetectedUiManager.cs
  artifactKey: Guid(d8c536e29614c424c829f1696492a0a3) Importer(815301076,1909f56bfc062723c751e8b465ee728b)
Start importing Assets/PassthroughCameraApiSamples/MultiObjectDetection/SentisInference/Scripts/SentisObjectDetectedUiManager.cs using Guid(d8c536e29614c424c829f1696492a0a3) Importer(815301076,1909f56bfc062723c751e8b465ee728b) (PreviewImporter) -> (artifact id: 'a0f4c9d3e00eec1b5b27b86bd2e7e423') in 0.001344584 seconds
Number of updated asset objects reloaded before import = 0Number of asset objects unloaded after import = 0

========================================================================
Received Import Request.
  Time since last request: 5.546047 seconds.
  path: Assets/PassthroughCameraApiSamples/MultiObjectDetection/DetectionManager
  artifactKey: Guid(b3df267597125df4d995faa070556163) Importer(815301076,1909f56bfc062723c751e8b465ee728b)
Start importing Assets/PassthroughCameraApiSamples/MultiObjectDetection/DetectionManager using Guid(b3df267597125df4d995faa070556163) Importer(815301076,1909f56bfc062723c751e8b465ee728b) (PreviewImporter) -> (artifact id: '12f885e0ace0e931943f7787c4d968f1') in 0.000865166 seconds
Number of updated asset objects reloaded before import = 0Number of asset objects unloaded after import = 0

========================================================================
Received Import Request.
  Time since last request: 3.110428 seconds.
  path: Assets/PassthroughCameraApiSamples/MultiObjectDetection/DetectionManager/Scripts
  artifactKey: Guid(f64c28a1ba2d115489e59f072fc130f3) Importer(815301076,1909f56bfc062723c751e8b465ee728b)
Start importing Assets/PassthroughCameraApiSamples/MultiObjectDetection/DetectionManager/Scripts using Guid(f64c28a1ba2d115489e59f072fc130f3) Importer(815301076,1909f56bfc062723c751e8b465ee728b) (PreviewImporter) -> (artifact id: '918d0eb81ed4b17e556978de69278ce3') in 0.001238375 seconds
Number of updated asset objects reloaded before import = 0Number of asset objects unloaded after import = 0

========================================================================
Received Import Request.
  Time since last request: 1.899891 seconds.
  path: Assets/PassthroughCameraApiSamples/MultiObjectDetection/DetectionManager/Scripts/DetectionManager.cs
  artifactKey: Guid(94f39b6ee0e7e784aafa2d2facf740e5) Importer(815301076,1909f56bfc062723c751e8b465ee728b)
Start importing Assets/PassthroughCameraApiSamples/MultiObjectDetection/DetectionManager/Scripts/DetectionManager.cs using Guid(94f39b6ee0e7e784aafa2d2facf740e5) Importer(815301076,1909f56bfc062723c751e8b465ee728b) (PreviewImporter) -> (artifact id: '3ee8f85ba1b18dd8e352bf17d9b10e9f') in 0.0016815 seconds
Number of updated asset objects reloaded before import = 0Number of asset objects unloaded after import = 0

========================================================================
Received Import Request.
  Time since last request: 16.741968 seconds.
  path: Assets/PassthroughCameraApiSamples/CameraViewer
  artifactKey: Guid(f708a834bc426cd4e91bbe8842b8b42d) Importer(815301076,1909f56bfc062723c751e8b465ee728b)
Start importing Assets/PassthroughCameraApiSamples/CameraViewer using Guid(f708a834bc426cd4e91bbe8842b8b42d) Importer(815301076,1909f56bfc062723c751e8b465ee728b) (PreviewImporter) -> (artifact id: 'ad557e712487ef814a234aecddb59ac4') in 0.001058209 seconds
Number of updated asset objects reloaded before import = 0Number of asset objects unloaded after import = 0

========================================================================
Received Import Request.
  Time since last request: 1.214481 seconds.
  path: Assets/PassthroughCameraApiSamples/CameraViewer/CameraViewer.unity
  artifactKey: Guid(ad5bb12b10679b840999aa322aa7a491) Importer(815301076,1909f56bfc062723c751e8b465ee728b)
Start importing Assets/PassthroughCameraApiSamples/CameraViewer/CameraViewer.unity using Guid(ad5bb12b10679b840999aa322aa7a491) Importer(815301076,1909f56bfc062723c751e8b465ee728b) (PreviewImporter) -> (artifact id: '8d2cb9fd497ba43da1a28563a23c09ca') in 0.000820541 seconds
Number of updated asset objects reloaded before import = 0Number of asset objects unloaded after import = 0

========================================================================
Received Import Request.
  Time since last request: 21.074982 seconds.
  path: Assets/PassthroughCameraApiSamples/CameraViewer/Scripts
  artifactKey: Guid(39efe2fbf87044177a02b7f7b117a076) Importer(815301076,1909f56bfc062723c751e8b465ee728b)
Start importing Assets/PassthroughCameraApiSamples/CameraViewer/Scripts using Guid(39efe2fbf87044177a02b7f7b117a076) Importer(815301076,1909f56bfc062723c751e8b465ee728b) (PreviewImporter) -> (artifact id: '80686218a15a50cbe004991e3adcd6e1') in 0.003492708 seconds
Number of updated asset objects reloaded before import = 0Number of asset objects unloaded after import = 0

========================================================================
Received Import Request.
  Time since last request: 1.474519 seconds.
  path: Assets/PassthroughCameraApiSamples/CameraViewer/Scripts/CameraViewerManager.cs
  artifactKey: Guid(c8bf844e5c0cc42f1bac2aae9e5944f3) Importer(815301076,1909f56bfc062723c751e8b465ee728b)
Start importing Assets/PassthroughCameraApiSamples/CameraViewer/Scripts/CameraViewerManager.cs using Guid(c8bf844e5c0cc42f1bac2aae9e5944f3) Importer(815301076,1909f56bfc062723c751e8b465ee728b) (PreviewImporter) -> (artifact id: 'eb83ea30546889d3ed508ede5361227a') in 0.002098583 seconds
Number of updated asset objects reloaded before import = 0Number of asset objects unloaded after import = 0

========================================================================
Received Import Request.
  Time since last request: 482.399360 seconds.
  path: Assets/PassthroughCameraApiSamples/MultiObjectDetection/EnvironmentRaycast
  artifactKey: Guid(bd13bb64e533147449eae59026647857) Importer(815301076,1909f56bfc062723c751e8b465ee728b)
Start importing Assets/PassthroughCameraApiSamples/MultiObjectDetection/EnvironmentRaycast using Guid(bd13bb64e533147449eae59026647857) Importer(815301076,1909f56bfc062723c751e8b465ee728b) (PreviewImporter) -> (artifact id: '57ebfadaf1a20d49216b4ef698272307') in 0.007092583 seconds
Number of updated asset objects reloaded before import = 1Number of asset objects unloaded after import = 0

========================================================================
Received Import Request.
  Time since last request: 2.849532 seconds.
  path: Assets/PassthroughCameraApiSamples/MultiObjectDetection/EnvironmentRaycast/Prefabs
  artifactKey: Guid(041fdb2c7b44f42148f656d00fa40a73) Importer(815301076,1909f56bfc062723c751e8b465ee728b)
Start importing Assets/PassthroughCameraApiSamples/MultiObjectDetection/EnvironmentRaycast/Prefabs using Guid(041fdb2c7b44f42148f656d00fa40a73) Importer(815301076,1909f56bfc062723c751e8b465ee728b) (PreviewImporter) -> (artifact id: '79850b05325a58c80eeaaa0f615e35d8') in 0.001497125 seconds
Number of updated asset objects reloaded before import = 0Number of asset objects unloaded after import = 0

========================================================================
Received Import Request.
  Time since last request: 0.121989 seconds.
  path: Assets/PassthroughCameraApiSamples/MultiObjectDetection/EnvironmentRaycast/Prefabs/EnvironmentRaycastPrefab.prefab
  artifactKey: Guid(749c2b64d9125458da0686ace4bec00b) Importer(815301076,1909f56bfc062723c751e8b465ee728b)
Start importing Assets/PassthroughCameraApiSamples/MultiObjectDetection/EnvironmentRaycast/Prefabs/EnvironmentRaycastPrefab.prefab using Guid(749c2b64d9125458da0686ace4bec00b) Importer(815301076,1909f56bfc062723c751e8b465ee728b) (PreviewImporter) -> (artifact id: 'beb3f13edc5b599bec8c03586f083771') in 0.340794 seconds
Number of updated asset objects reloaded before import = 0Number of asset objects unloaded after import = 6

========================================================================
Received Import Request.
  Time since last request: 7.978252 seconds.
  path: Assets/PassthroughCameraApiSamples/MultiObjectDetection/EnvironmentRaycast/Scripts
  artifactKey: Guid(3d53e4a48d7c34292b4cf0c11bcc5010) Importer(815301076,1909f56bfc062723c751e8b465ee728b)
Start importing Assets/PassthroughCameraApiSamples/MultiObjectDetection/EnvironmentRaycast/Scripts using Guid(3d53e4a48d7c34292b4cf0c11bcc5010) Importer(815301076,1909f56bfc062723c751e8b465ee728b) (PreviewImporter) -> (artifact id: '4bee183170eeeed93b33aa732959c85a') in 0.001496917 seconds
Number of updated asset objects reloaded before import = 0Number of asset objects unloaded after import = 0

========================================================================
Received Import Request.
  Time since last request: 1.120074 seconds.
  path: Assets/PassthroughCameraApiSamples/MultiObjectDetection/EnvironmentRaycast/Scripts/EnvironmentRayCastSampleManager.cs
  artifactKey: Guid(0cc36683f00754ee3ba9303b5060e815) Importer(815301076,1909f56bfc062723c751e8b465ee728b)
Start importing Assets/PassthroughCameraApiSamples/MultiObjectDetection/EnvironmentRaycast/Scripts/EnvironmentRayCastSampleManager.cs using Guid(0cc36683f00754ee3ba9303b5060e815) Importer(815301076,1909f56bfc062723c751e8b465ee728b) (PreviewImporter) -> (artifact id: '3d3e672bafc65d73a01a45d2140cffe0') in 0.000971708 seconds
Number of updated asset objects reloaded before import = 0Number of asset objects unloaded after import = 0

========================================================================
Received Import Request.
  Time since last request: 71.311926 seconds.
  path: Assets/PassthroughCameraApiSamples/CameraViewer/Prefabs
  artifactKey: Guid(0e3b9302457b04666a2c1aeec2a6305b) Importer(815301076,1909f56bfc062723c751e8b465ee728b)
Start importing Assets/PassthroughCameraApiSamples/CameraViewer/Prefabs using Guid(0e3b9302457b04666a2c1aeec2a6305b) Importer(815301076,1909f56bfc062723c751e8b465ee728b) (PreviewImporter) -> (artifact id: 'f48374eb08b2905981d80a642682c7d4') in 0.00175775 seconds
Number of updated asset objects reloaded before import = 0Number of asset objects unloaded after import = 0

========================================================================
Received Import Request.
  Time since last request: 0.054694 seconds.
  path: Assets/PassthroughCameraApiSamples/CameraViewer/Prefabs/CameraViewerManagerPrefab.prefab
  artifactKey: Guid(0e9e59a9b5566489fad35afecaeac3a9) Importer(815301076,1909f56bfc062723c751e8b465ee728b)
Start importing Assets/PassthroughCameraApiSamples/CameraViewer/Prefabs/CameraViewerManagerPrefab.prefab using Guid(0e9e59a9b5566489fad35afecaeac3a9) Importer(815301076,1909f56bfc062723c751e8b465ee728b) (PreviewImporter) -> (artifact id: '866bde55ed0786bc8e1b6fb28820300e') in 0.067264625 seconds
Number of updated asset objects reloaded before import = 0Number of asset objects unloaded after import = 16

========================================================================
Received Import Request.
  Time since last request: 1.572212 seconds.
  path: Assets/PassthroughCameraApiSamples/CameraViewer/Prefabs/CameraViewerManagerPrefab.prefab
  artifactKey: Guid(0e9e59a9b5566489fad35afecaeac3a9) Importer(815301076,1909f56bfc062723c751e8b465ee728b)
Start importing Assets/PassthroughCameraApiSamples/CameraViewer/Prefabs/CameraViewerManagerPrefab.prefab using Guid(0e9e59a9b5566489fad35afecaeac3a9) Importer(815301076,1909f56bfc062723c751e8b465ee728b) (PreviewImporter) -> (artifact id: '7fcb61b27a6ae4a7cca37675aff5dbaa') in 0.005591625 seconds
Number of updated asset objects reloaded before import = 0Number of asset objects unloaded after import = 16

